# JRE version: OpenJDK Runtime Environment Temurin-17.0.14+7 (17.0.14+7) (build 17.0.14+7)
# Java VM: OpenJDK 64-Bit Server VM Temurin-17.0.14+7 (17.0.14+7, mixed mode, sharing, tiered, compressed oops, compressed class ptrs, g1 gc, windows-amd64)
GC Precious Log:
 CPUs: 12 total, 12 available
 Memory: 7528M
 Large Page Support: Disabled
 NUMA Support: Disabled
 Compressed Oops: Enabled (32-bit)
 Heap Region Size: 1M
 Heap Min Capacity: 8M
 Heap Initial Capacity: 118M
 Heap Max Capacity: 1884M
 Pre-touch: Disabled
 Parallel Workers: 10
 Concurrent Workers: 3
 Concurrent Refinement Workers: 10
 Periodic GC: Disabled
Heap:
 garbage-first heap   total 54272K, used 37929K [0x000000008a400000, 0x0000000100000000)
  region size 1024K, 16 young (16384K), 2 survivors (2048K)
 Metaspace       used 32919K, committed 33280K, reserved 1114112K
  class space    used 4364K, committed 4544K, reserved 1048576K
GC Heap History (20 events):
Event: 40.064 GC heap before
{Heap before GC invocations=7 (full 0):
 garbage-first heap   total 40960K, used 29220K [0x000000008a400000, 0x0000000100000000)
  region size 1024K, 13 young (13312K), 2 survivors (2048K)
 Metaspace       used 30336K, committed 30656K, reserved 1114112K
  class space    used 4119K, committed 4288K, reserved 1048576K
}
Event: 40.069 GC heap after
{Heap after GC invocations=8 (full 0):
 garbage-first heap   total 40960K, used 19038K [0x000000008a400000, 0x0000000100000000)
  region size 1024K, 2 young (2048K), 2 survivors (2048K)
 Metaspace       used 30336K, committed 30656K, reserved 1114112K
  class space    used 4119K, committed 4288K, reserved 1048576K
}
Event: 51.037 GC heap before
{Heap before GC invocations=8 (full 0):
 garbage-first heap   total 40960K, used 29278K [0x000000008a400000, 0x0000000100000000)
  region size 1024K, 12 young (12288K), 2 survivors (2048K)
 Metaspace       used 30745K, committed 31040K, reserved 1114112K
  class space    used 4136K, committed 4288K, reserved 1048576K
}
Event: 51.044 GC heap after
{Heap after GC invocations=9 (full 0):
 garbage-first heap   total 40960K, used 20404K [0x000000008a400000, 0x0000000100000000)
  region size 1024K, 2 young (2048K), 2 survivors (2048K)
 Metaspace       used 30745K, committed 31040K, reserved 1114112K
  class space    used 4136K, committed 4288K, reserved 1048576K
}
Event: 65.408 GC heap before
{Heap before GC invocations=10 (full 0):
 garbage-first heap   total 40960K, used 30644K [0x000000008a400000, 0x0000000100000000)
  region size 1024K, 12 young (12288K), 2 survivors (2048K)
 Metaspace       used 31068K, committed 31424K, reserved 1114112K
  class space    used 4155K, committed 4352K, reserved 1048576K
}
Event: 65.413 GC heap after
{Heap after GC invocations=11 (full 0):
 garbage-first heap   total 40960K, used 21302K [0x000000008a400000, 0x0000000100000000)
  region size 1024K, 1 young (1024K), 1 survivors (1024K)
 Metaspace       used 31068K, committed 31424K, reserved 1114112K
  class space    used 4155K, committed 4352K, reserved 1048576K
}
Event: 66.312 GC heap before
{Heap before GC invocations=11 (full 0):
 garbage-first heap   total 40960K, used 22326K [0x000000008a400000, 0x0000000100000000)
  region size 1024K, 2 young (2048K), 1 survivors (1024K)
 Metaspace       used 31105K, committed 31424K, reserved 1114112K
  class space    used 4155K, committed 4352K, reserved 1048576K
}
Event: 66.315 GC heap after
{Heap after GC invocations=12 (full 0):
 garbage-first heap   total 40960K, used 21577K [0x000000008a400000, 0x0000000100000000)
  region size 1024K, 1 young (1024K), 1 survivors (1024K)
 Metaspace       used 31105K, committed 31424K, reserved 1114112K
  class space    used 4155K, committed 4352K, reserved 1048576K
}
Event: 77.486 GC heap before
{Heap before GC invocations=12 (full 0):
 garbage-first heap   total 40960K, used 21577K [0x000000008a400000, 0x0000000100000000)
  region size 1024K, 2 young (2048K), 1 survivors (1024K)
 Metaspace       used 31111K, committed 31488K, reserved 1114112K
  class space    used 4155K, committed 4352K, reserved 1048576K
}
Event: 77.489 GC heap after
{Heap after GC invocations=13 (full 0):
 garbage-first heap   total 40960K, used 21528K [0x000000008a400000, 0x0000000100000000)
  region size 1024K, 1 young (1024K), 1 survivors (1024K)
 Metaspace       used 31111K, committed 31488K, reserved 1114112K
  class space    used 4155K, committed 4352K, reserved 1048576K
}
Event: 91.421 GC heap before
{Heap before GC invocations=14 (full 0):
 garbage-first heap   total 45056K, used 33816K [0x000000008a400000, 0x0000000100000000)
  region size 1024K, 10 young (10240K), 1 survivors (1024K)
 Metaspace       used 31291K, committed 31680K, reserved 1114112K
  class space    used 4155K, committed 4352K, reserved 1048576K
}
Event: 91.425 GC heap after
{Heap after GC invocations=15 (full 0):
 garbage-first heap   total 54272K, used 25038K [0x000000008a400000, 0x0000000100000000)
  region size 1024K, 1 young (1024K), 1 survivors (1024K)
 Metaspace       used 31291K, committed 31680K, reserved 1114112K
  class space    used 4155K, committed 4352K, reserved 1048576K
}
Event: 91.770 GC heap before
{Heap before GC invocations=15 (full 0):
 garbage-first heap   total 54272K, used 26062K [0x000000008a400000, 0x0000000100000000)
  region size 1024K, 2 young (2048K), 1 survivors (1024K)
 Metaspace       used 31306K, committed 31680K, reserved 1114112K
  class space    used 4155K, committed 4352K, reserved 1048576K
}
Event: 91.777 GC heap after
{Heap after GC invocations=16 (full 0):
 garbage-first heap   total 54272K, used 20130K [0x000000008a400000, 0x0000000100000000)
  region size 1024K, 1 young (1024K), 1 survivors (1024K)
 Metaspace       used 31306K, committed 31680K, reserved 1114112K
  class space    used 4155K, committed 4352K, reserved 1048576K
}
Event: 107.813 GC heap before
{Heap before GC invocations=16 (full 0):
 garbage-first heap   total 54272K, used 41634K [0x000000008a400000, 0x0000000100000000)
  region size 1024K, 22 young (22528K), 1 survivors (1024K)
 Metaspace       used 32486K, committed 32832K, reserved 1114112K
  class space    used 4357K, committed 4544K, reserved 1048576K
}
Event: 107.819 GC heap after
{Heap after GC invocations=17 (full 0):
 garbage-first heap   total 54272K, used 23219K [0x000000008a400000, 0x0000000100000000)
  region size 1024K, 3 young (3072K), 3 survivors (3072K)
 Metaspace       used 32486K, committed 32832K, reserved 1114112K
  class space    used 4357K, committed 4544K, reserved 1048576K
}
Event: 199.412 GC heap before
{Heap before GC invocations=17 (full 0):
 garbage-first heap   total 54272K, used 41651K [0x000000008a400000, 0x0000000100000000)
  region size 1024K, 21 young (21504K), 3 survivors (3072K)
 Metaspace       used 32792K, committed 33152K, reserved 1114112K
  class space    used 4362K, committed 4544K, reserved 1048576K
}
Event: 199.418 GC heap after
{Heap after GC invocations=18 (full 0):
 garbage-first heap   total 54272K, used 24454K [0x000000008a400000, 0x0000000100000000)
  region size 1024K, 2 young (2048K), 2 survivors (2048K)
 Metaspace       used 32792K, committed 33152K, reserved 1114112K
  class space    used 4362K, committed 4544K, reserved 1048576K
}
Event: 301.136 GC heap before
{Heap before GC invocations=18 (full 0):
 garbage-first heap   total 54272K, used 40838K [0x000000008a400000, 0x0000000100000000)
  region size 1024K, 18 young (18432K), 2 survivors (2048K)
 Metaspace       used 32914K, committed 33280K, reserved 1114112K
  class space    used 4363K, committed 4544K, reserved 1048576K
}
Event: 301.140 GC heap after
{Heap after GC invocations=19 (full 0):
 garbage-first heap   total 54272K, used 24617K [0x000000008a400000, 0x0000000100000000)
  region size 1024K, 2 young (2048K), 2 survivors (2048K)
 Metaspace       used 32914K, committed 33280K, reserved 1114112K
  class space    used 4363K, committed 4544K, reserved 1048576K
}

